<?xml version="1.0" encoding="UTF-8"?>
<testsuite name="io.sl3416.undercooked.tests.food.FoodStackTests" tests="4" skipped="0" failures="0" errors="0" timestamp="2023-05-03T03:43:52" hostname="LAPTOP-LI9Q8A9H" time="0.05">
  <properties/>
  <testcase name="testAdd" classname="io.sl3416.undercooked.tests.food.FoodStackTests" time="0.001"/>
  <testcase name="testPop" classname="io.sl3416.undercooked.tests.food.FoodStackTests" time="0.0"/>
  <testcase name="testPeek" classname="io.sl3416.undercooked.tests.food.FoodStackTests" time="0.001"/>
  <testcase name="testSize" classname="io.sl3416.undercooked.tests.food.FoodStackTests" time="0.001"/>
  <system-out><![CDATA[]]></system-out>
  <system-err><![CDATA[]]></system-err>
</testsuite>
