<?xml version="1.0" encoding="UTF-8"?>
<testsuite name="io.sl3416.undercooked.tests.food.FoodItemTests" tests="1" skipped="0" failures="0" errors="0" timestamp="2023-05-02T17:02:31" hostname="LAPTOP-LI9Q8A9H" time="0.005">
  <properties/>
  <testcase name="testFoodHeights" classname="io.sl3416.undercooked.tests.food.FoodItemTests" time="0.005"/>
  <system-out><![CDATA[]]></system-out>
  <system-err><![CDATA[]]></system-err>
</testsuite>
