<?xml version="1.0" encoding="UTF-8"?>
<testsuite name="io.sl3416.undercooked.tests.game.FileInteractorTests" tests="3" skipped="0" failures="0" errors="0" timestamp="2023-04-28T21:09:35" hostname="LAPTOP-LI9Q8A9H" time="0.103">
  <properties/>
  <testcase name="testSaveToJSON" classname="io.sl3416.undercooked.tests.game.FileInteractorTests" time="0.064"/>
  <testcase name="testNewInstance" classname="io.sl3416.undercooked.tests.game.FileInteractorTests" time="0.003"/>
  <testcase name="testGetInstance" classname="io.sl3416.undercooked.tests.game.FileInteractorTests" time="0.003"/>
  <system-out><![CDATA[]]></system-out>
  <system-err><![CDATA[]]></system-err>
</testsuite>
