<?xml version="1.0" encoding="UTF-8"?>
<testsuite name="io.sl3416.undercooked.tests.InputKeyTests" tests="3" skipped="0" failures="0" errors="0" timestamp="2023-04-27T13:05:19" hostname="LAPTOP-LI9Q8A9H" time="0.036">
  <properties/>
  <testcase name="testGetType" classname="io.sl3416.undercooked.tests.InputKeyTests" time="0.003"/>
  <testcase name="testGetKey" classname="io.sl3416.undercooked.tests.InputKeyTests" time="0.0"/>
  <testcase name="testInputKeyConstructor" classname="io.sl3416.undercooked.tests.InputKeyTests" time="0.0"/>
  <system-out><![CDATA[]]></system-out>
  <system-err><![CDATA[]]></system-err>
</testsuite>
