<?xml version="1.0" encoding="UTF-8"?>
<testsuite name="io.sl3416.undercooked.tests.interactions.InputKeyTests" tests="3" skipped="0" failures="0" errors="0" timestamp="2023-05-03T03:43:53" hostname="LAPTOP-LI9Q8A9H" time="0.033">
  <properties/>
  <testcase name="testGetType" classname="io.sl3416.undercooked.tests.interactions.InputKeyTests" time="0.002"/>
  <testcase name="testGetKey" classname="io.sl3416.undercooked.tests.interactions.InputKeyTests" time="0.0"/>
  <testcase name="testInputKeyConstructor" classname="io.sl3416.undercooked.tests.interactions.InputKeyTests" time="0.0"/>
  <system-out><![CDATA[]]></system-out>
  <system-err><![CDATA[]]></system-err>
</testsuite>
