<?xml version="1.0" encoding="UTF-8"?>
<testsuite name="io.sl3416.undercooked.tests.helper.HudTests" tests="1" skipped="0" failures="0" errors="0" timestamp="2023-05-02T17:02:32" hostname="LAPTOP-LI9Q8A9H" time="0.914">
  <properties/>
  <testcase name="testConstructor" classname="io.sl3416.undercooked.tests.helper.HudTests" time="0.914"/>
  <system-out><![CDATA[]]></system-out>
  <system-err><![CDATA[]]></system-err>
</testsuite>
