<?xml version="1.0" encoding="UTF-8"?>
<testsuite name="io.sl3416.undercooked.tests.AssetTests" tests="1" skipped="0" failures="0" errors="0" timestamp="2023-04-01T16:00:43" hostname="LAPTOP-LI9Q8A9H" time="0.077">
  <properties/>
  <testcase name="testAssetExists" classname="io.sl3416.undercooked.tests.AssetTests" time="0.077"/>
  <system-out><![CDATA[atlas/cook.atlas
atlas/cook.png
atlas/customer.atlas
atlas/Customer.png
atlas/food.atlas
atlas/food.png
atlas/powerups.atlas
atlas/powerups.png
atlas/station.atlas
atlas/station.png
cooks/control.png
cooks/cook atlas.tpproj
cooks/hold up.png
cooks/hold right.png
cooks/hold left.png
cooks/hold down.png
cooks/normal up.png
cooks/normal right.png
cooks/normal left.png
cooks/normal down.png
customers/Customer.png
customers/customer.tpproj
customers/CustomerAngry1.png
customers/CustomerAngry2.png
foods/Burger_BunsUpscaled.png
foods/BottomBun.png
foods/Burger_Buns.png
foods/Burger.png
foods/foods atlas.tpproj
foods/Lettuce.png
foods/LettuceChop.png
foods/LettuceUpscaled.png
foods/MargheritaPizza.png
foods/Meat.png
foods/MeatFried.png
foods/Onion.png
foods/OnionChop.png
foods/OnionUpscaled.png
foods/Tomato.png
foods/TomatoChop.png
foods/TomatoUpscaled.png
foods/TopBun.png
Individual_Stations/Bin.png
Individual_Stations/Cutting_Station.png
Individual_Stations/Fryer.png
Individual_Stations/Lock.png
Individual_Stations/stations.tpproj
Individual_Stations/Table.png
Individual_Stations/TableWithChairs.png
Maps/StartMenuBackground.png
Maps/Stations.png
Maps/Stations.tsx
Maps/Stations.xcf
Maps/StationsMap.png
Maps/StationsMap.tmx
Maps/StationsMap1.tmx
Maps/StationsMap2.tmx
powerups/cookingSpeed.png
powerups/money.png
powerups/speed.png
powerups/stations.png
powerups/time.png
Sprites/xcfs/Burger.xcf
Sprites/xcfs/Burger_Buns.xcf
Sprites/xcfs/Cutting_Station.xcf
Sprites/xcfs/Fryer.xcf
Sprites/xcfs/Lettuce.xcf
Sprites/xcfs/MargheritaPizza.xcf
Sprites/xcfs/Meat.xcf
Sprites/xcfs/Onion.xcf
Sprites/xcfs/Table.xcf
Sprites/xcfs/Tomato.xcf
]]></system-out>
  <system-err><![CDATA[]]></system-err>
</testsuite>
