<?xml version="1.0" encoding="UTF-8"?>
<testsuite name="io.sl3416.undercooked.tests.game.GameSpritesTests" tests="6" skipped="0" failures="0" errors="0" timestamp="2023-04-28T13:52:47" hostname="LAPTOP-LI9Q8A9H" time="0.309">
  <properties/>
  <testcase name="testGameSpritesConstructor" classname="io.sl3416.undercooked.tests.game.GameSpritesTests" time="0.158"/>
  <testcase name="testCreateResources" classname="io.sl3416.undercooked.tests.game.GameSpritesTests" time="0.003"/>
  <testcase name="testDispose" classname="io.sl3416.undercooked.tests.game.GameSpritesTests" time="0.013"/>
  <testcase name="testGetSprite" classname="io.sl3416.undercooked.tests.game.GameSpritesTests" time="0.002"/>
  <testcase name="testGetInstance" classname="io.sl3416.undercooked.tests.game.GameSpritesTests" time="0.002"/>
  <testcase name="testSpriteKey" classname="io.sl3416.undercooked.tests.game.GameSpritesTests" time="0.006"/>
  <system-out><![CDATA[]]></system-out>
  <system-err><![CDATA[]]></system-err>
</testsuite>
