<?xml version="1.0" encoding="UTF-8"?>
<testsuite name="io.sl3416.undercooked.tests.game.GameSpritesTests" tests="6" skipped="0" failures="0" errors="0" timestamp="2023-04-29T19:42:25" hostname="LAPTOP-LI9Q8A9H" time="0.342">
  <properties/>
  <testcase name="testGameSpritesConstructor" classname="io.sl3416.undercooked.tests.game.GameSpritesTests" time="0.256"/>
  <testcase name="testCreateResources" classname="io.sl3416.undercooked.tests.game.GameSpritesTests" time="0.003"/>
  <testcase name="testDispose" classname="io.sl3416.undercooked.tests.game.GameSpritesTests" time="0.0"/>
  <testcase name="testGetSprite" classname="io.sl3416.undercooked.tests.game.GameSpritesTests" time="0.001"/>
  <testcase name="testGetInstance" classname="io.sl3416.undercooked.tests.game.GameSpritesTests" time="0.001"/>
  <testcase name="testSpriteKey" classname="io.sl3416.undercooked.tests.game.GameSpritesTests" time="0.001"/>
  <system-out><![CDATA[]]></system-out>
  <system-err><![CDATA[]]></system-err>
</testsuite>
