<?xml version="1.0" encoding="UTF-8"?>
<testsuite name="io.sl3416.undercooked.tests.InteractionsTests" tests="1" skipped="0" failures="0" errors="0" timestamp="2023-03-10T17:56:55" hostname="LAPTOP-LI9Q8A9H" time="0.0">
  <properties/>
  <testcase name="testGrabbing" classname="io.sl3416.undercooked.tests.InteractionsTests" time="0.0"/>
  <system-out><![CDATA[]]></system-out>
  <system-err><![CDATA[]]></system-err>
</testsuite>
