<?xml version="1.0" encoding="UTF-8"?>
<testsuite name="io.sl3416.undercooked.tests.helper.UtilTests" tests="2" skipped="0" failures="0" errors="0" timestamp="2023-05-02T17:02:33" hostname="LAPTOP-LI9Q8A9H" time="0.018">
  <properties/>
  <testcase name="testDistancePoints" classname="io.sl3416.undercooked.tests.helper.UtilTests" time="0.004"/>
  <testcase name="testFormatTime" classname="io.sl3416.undercooked.tests.helper.UtilTests" time="0.0"/>
  <system-out><![CDATA[]]></system-out>
  <system-err><![CDATA[]]></system-err>
</testsuite>
