<?xml version="1.0" encoding="UTF-8"?>
<testsuite name="io.sl3416.undercooked.tests.AssetTests" tests="1" skipped="0" failures="0" errors="0" timestamp="2023-03-10T16:06:42" hostname="LAPTOP-LI9Q8A9H" time="0.044">
  <properties/>
  <testcase name="testAssetExists" classname="io.sl3416.undercooked.tests.AssetTests" time="0.044"/>
  <system-out><![CDATA[]]></system-out>
  <system-err><![CDATA[]]></system-err>
</testsuite>
