<?xml version="1.0" encoding="UTF-8"?>
<testsuite name="io.sl3416.undercooked.tests.game.PowerupStaticTests" tests="1" skipped="0" failures="0" errors="0" timestamp="2023-04-28T13:52:47" hostname="LAPTOP-LI9Q8A9H" time="0.009">
  <properties/>
  <testcase name="testResetPowerups" classname="io.sl3416.undercooked.tests.game.PowerupStaticTests" time="0.009"/>
  <system-out><![CDATA[]]></system-out>
  <system-err><![CDATA[]]></system-err>
</testsuite>
