<?xml version="1.0" encoding="UTF-8"?>
<testsuite name="io.sl3416.undercooked.tests.game.FileInteractorTests" tests="4" skipped="0" failures="0" errors="0" timestamp="2023-04-29T19:42:25" hostname="LAPTOP-LI9Q8A9H" time="0.134">
  <properties/>
  <testcase name="testLoadToJSON" classname="io.sl3416.undercooked.tests.game.FileInteractorTests" time="0.008"/>
  <testcase name="testSaveToJSON" classname="io.sl3416.undercooked.tests.game.FileInteractorTests" time="0.083"/>
  <testcase name="testNewInstance" classname="io.sl3416.undercooked.tests.game.FileInteractorTests" time="0.001"/>
  <testcase name="testGetInstance" classname="io.sl3416.undercooked.tests.game.FileInteractorTests" time="0.0"/>
  <system-out><![CDATA[]]></system-out>
  <system-err><![CDATA[]]></system-err>
</testsuite>
