<?xml version="1.0" encoding="UTF-8"?>
<testsuite name="io.sl3416.undercooked.tests.game.StateOfGameTests" tests="3" skipped="0" failures="0" errors="0" timestamp="2023-04-29T19:37:07" hostname="LAPTOP-LI9Q8A9H" time="0.035">
  <properties/>
  <testcase name="testStateOfGameConstructor" classname="io.sl3416.undercooked.tests.game.StateOfGameTests" time="0.004"/>
  <testcase name="testNewInstance" classname="io.sl3416.undercooked.tests.game.StateOfGameTests" time="0.001"/>
  <testcase name="testGetInstance" classname="io.sl3416.undercooked.tests.game.StateOfGameTests" time="0.0"/>
  <system-out><![CDATA[]]></system-out>
  <system-err><![CDATA[]]></system-err>
</testsuite>
